{"level":"DEBUG","location":"[get_call:140] fyersModel","message":{"Status Code":200,"API":"/profile"},"timestamp":"2026-06-02 12:48:18,567+0530","service":"FyersAPIRequest"}
{"level":"DEBUG","location":"[get_call:140] fyersModel","message":{"Status Code":200,"API":"/profile"},"timestamp":"2026-06-02 12:48:19,008+0530","service":"FyersAPIRequest"}
{"level":"DEBUG","location":"[get_call:140] fyersModel","message":{"Status Code":200,"API":"/funds"},"timestamp":"2026-06-02 12:48:19,434+0530","service":"FyersAPIRequest"}
{"level":"DEBUG","location":"[get_call:159] fyersModel","message":{"Status Code":200,"API":"/profile"},"timestamp":"2026-06-02 12:49:56,112+0530","service":"FyersAPIRequest"}
{"level":"DEBUG","location":"[get_call:159] fyersModel","message":{"Status Code":200,"API":"/profile"},"timestamp":"2026-06-02 12:49:56,174+0530","service":"FyersAPIRequest"}
{"level":"DEBUG","location":"[get_call:159] fyersModel","message":{"Status Code":200,"API":"/funds"},"timestamp":"2026-06-02 12:49:56,213+0530","service":"FyersAPIRequest"}
{"level":"DEBUG","location":"[get_call:159] fyersModel","message":{"Status Code":200,"API":"/funds"},"timestamp":"2026-06-02 12:49:56,281+0530","service":"FyersAPIRequest"}
{"level":"DEBUG","location":"[get_call:159] fyersModel","message":{"Status Code":200,"API":"/depth"},"timestamp":"2026-06-02 12:49:56,322+0530","service":"FyersAPIRequest"}
{"level":"DEBUG","location":"[get_call:159] fyersModel","message":{"Status Code":200,"API":"/depth"},"timestamp":"2026-06-02 12:49:56,356+0530","service":"FyersAPIRequest"}
{"level":"DEBUG","location":"[get_call:159] fyersModel","message":{"Status Code":200,"API":"/funds"},"timestamp":"2026-06-02 12:49:57,408+0530","service":"FyersAPIRequest"}
{"level":"DEBUG","location":"[get_call:159] fyersModel","message":{"Status Code":200,"API":"/depth"},"timestamp":"2026-06-02 12:49:57,448+0530","service":"FyersAPIRequest"}
{"level":"DEBUG","location":"[get_call:159] fyersModel","message":{"Status Code":200,"API":"/depth"},"timestamp":"2026-06-02 12:49:57,488+0530","service":"FyersAPIRequest"}
{"level":"DEBUG","location":"[get_call:159] fyersModel","message":{"Status Code":200,"API":"/funds"},"timestamp":"2026-06-02 12:49:58,540+0530","service":"FyersAPIRequest"}
{"level":"DEBUG","location":"[get_call:159] fyersModel","message":{"Status Code":200,"API":"/depth"},"timestamp":"2026-06-02 12:49:58,578+0530","service":"FyersAPIRequest"}
{"level":"DEBUG","location":"[get_call:159] fyersModel","message":{"Status Code":200,"API":"/depth"},"timestamp":"2026-06-02 12:49:58,620+0530","service":"FyersAPIRequest"}
{"level":"DEBUG","location":"[get_call:159] fyersModel","message":{"Status Code":200,"API":"/funds"},"timestamp":"2026-06-02 12:49:59,663+0530","service":"FyersAPIRequest"}
{"level":"DEBUG","location":"[get_call:159] fyersModel","message":{"Status Code":200,"API":"/depth"},"timestamp":"2026-06-02 12:49:59,700+0530","service":"FyersAPIRequest"}
{"level":"DEBUG","location":"[get_call:159] fyersModel","message":{"Status Code":200,"API":"/depth"},"timestamp":"2026-06-02 12:49:59,738+0530","service":"FyersAPIRequest"}
{"level":"DEBUG","location":"[get_call:159] fyersModel","message":{"Status Code":200,"API":"/funds"},"timestamp":"2026-06-02 12:50:00,783+0530","service":"FyersAPIRequest"}
{"level":"DEBUG","location":"[get_call:159] fyersModel","message":{"Status Code":200,"API":"/depth"},"timestamp":"2026-06-02 12:50:00,819+0530","service":"FyersAPIRequest"}
{"level":"DEBUG","location":"[get_call:159] fyersModel","message":{"Status Code":200,"API":"/depth"},"timestamp":"2026-06-02 12:50:00,855+0530","service":"FyersAPIRequest"}
{"level":"DEBUG","location":"[get_call:159] fyersModel","message":{"Status Code":200,"API":"/funds"},"timestamp":"2026-06-02 12:50:01,891+0530","service":"FyersAPIRequest"}
{"level":"DEBUG","location":"[get_call:159] fyersModel","message":{"Status Code":200,"API":"/depth"},"timestamp":"2026-06-02 12:50:01,934+0530","service":"FyersAPIRequest"}
{"level":"DEBUG","location":"[get_call:159] fyersModel","message":{"Status Code":200,"API":"/depth"},"timestamp":"2026-06-02 12:50:01,989+0530","service":"FyersAPIRequest"}
{"level":"DEBUG","location":"[get_call:159] fyersModel","message":{"Status Code":200,"API":"/funds"},"timestamp":"2026-06-02 12:50:03,031+0530","service":"FyersAPIRequest"}
{"level":"DEBUG","location":"[get_call:159] fyersModel","message":{"Status Code":200,"API":"/depth"},"timestamp":"2026-06-02 12:50:03,070+0530","service":"FyersAPIRequest"}
{"level":"DEBUG","location":"[get_call:159] fyersModel","message":{"Status Code":200,"API":"/depth"},"timestamp":"2026-06-02 12:50:03,111+0530","service":"FyersAPIRequest"}
{"level":"DEBUG","location":"[get_call:159] fyersModel","message":{"Status Code":200,"API":"/funds"},"timestamp":"2026-06-02 12:50:04,157+0530","service":"FyersAPIRequest"}
{"level":"DEBUG","location":"[get_call:159] fyersModel","message":{"Status Code":200,"API":"/depth"},"timestamp":"2026-06-02 12:50:04,200+0530","service":"FyersAPIRequest"}
{"level":"DEBUG","location":"[get_call:159] fyersModel","message":{"Status Code":200,"API":"/depth"},"timestamp":"2026-06-02 12:50:04,242+0530","service":"FyersAPIRequest"}
{"level":"DEBUG","location":"[get_call:159] fyersModel","message":{"Status Code":200,"API":"/funds"},"timestamp":"2026-06-02 12:50:05,289+0530","service":"FyersAPIRequest"}
{"level":"DEBUG","location":"[get_call:159] fyersModel","message":{"Status Code":200,"API":"/depth"},"timestamp":"2026-06-02 12:50:05,329+0530","service":"FyersAPIRequest"}
{"level":"DEBUG","location":"[get_call:159] fyersModel","message":{"Status Code":200,"API":"/depth"},"timestamp":"2026-06-02 12:50:05,370+0530","service":"FyersAPIRequest"}
{"level":"DEBUG","location":"[get_call:159] fyersModel","message":{"Status Code":200,"API":"/funds"},"timestamp":"2026-06-02 12:50:09,585+0530","service":"FyersAPIRequest"}
{"level":"DEBUG","location":"[get_call:159] fyersModel","message":{"Status Code":200,"API":"/depth"},"timestamp":"2026-06-02 12:50:09,629+0530","service":"FyersAPIRequest"}
{"level":"DEBUG","location":"[get_call:159] fyersModel","message":{"Status Code":200,"API":"/depth"},"timestamp":"2026-06-02 12:50:09,668+0530","service":"FyersAPIRequest"}
{"level":"DEBUG","location":"[get_call:159] fyersModel","message":{"Status Code":200,"API":"/funds"},"timestamp":"2026-06-02 12:50:10,714+0530","service":"FyersAPIRequest"}
{"level":"DEBUG","location":"[get_call:159] fyersModel","message":{"Status Code":200,"API":"/depth"},"timestamp":"2026-06-02 12:50:10,755+0530","service":"FyersAPIRequest"}
{"level":"DEBUG","location":"[get_call:159] fyersModel","message":{"Status Code":200,"API":"/depth"},"timestamp":"2026-06-02 12:50:10,794+0530","service":"FyersAPIRequest"}
{"level":"DEBUG","location":"[get_call:159] fyersModel","message":{"Status Code":200,"API":"/funds"},"timestamp":"2026-06-02 12:50:11,835+0530","service":"FyersAPIRequest"}
{"level":"DEBUG","location":"[get_call:159] fyersModel","message":{"Status Code":200,"API":"/depth"},"timestamp":"2026-06-02 12:50:11,878+0530","service":"FyersAPIRequest"}
{"level":"DEBUG","location":"[get_call:159] fyersModel","message":{"Status Code":200,"API":"/depth"},"timestamp":"2026-06-02 12:50:11,919+0530","service":"FyersAPIRequest"}
{"level":"DEBUG","location":"[get_call:159] fyersModel","message":{"Status Code":200,"API":"/funds"},"timestamp":"2026-06-02 12:50:12,974+0530","service":"FyersAPIRequest"}
{"level":"DEBUG","location":"[get_call:159] fyersModel","message":{"Status Code":200,"API":"/depth"},"timestamp":"2026-06-02 12:50:13,015+0530","service":"FyersAPIRequest"}
{"level":"DEBUG","location":"[get_call:159] fyersModel","message":{"Status Code":200,"API":"/depth"},"timestamp":"2026-06-02 12:50:13,055+0530","service":"FyersAPIRequest"}
{"level":"DEBUG","location":"[get_call:159] fyersModel","message":{"Status Code":200,"API":"/funds"},"timestamp":"2026-06-02 12:50:14,106+0530","service":"FyersAPIRequest"}
{"level":"DEBUG","location":"[get_call:159] fyersModel","message":{"Status Code":200,"API":"/depth"},"timestamp":"2026-06-02 12:50:14,171+0530","service":"FyersAPIRequest"}
{"level":"DEBUG","location":"[get_call:159] fyersModel","message":{"Status Code":200,"API":"/depth"},"timestamp":"2026-06-02 12:50:14,209+0530","service":"FyersAPIRequest"}
{"level":"DEBUG","location":"[get_call:159] fyersModel","message":{"Status Code":200,"API":"/funds"},"timestamp":"2026-06-02 12:50:15,252+0530","service":"FyersAPIRequest"}
{"level":"DEBUG","location":"[get_call:159] fyersModel","message":{"Status Code":200,"API":"/depth"},"timestamp":"2026-06-02 12:50:15,288+0530","service":"FyersAPIRequest"}
{"level":"DEBUG","location":"[get_call:159] fyersModel","message":{"Status Code":200,"API":"/depth"},"timestamp":"2026-06-02 12:50:15,323+0530","service":"FyersAPIRequest"}
{"level":"DEBUG","location":"[get_call:159] fyersModel","message":{"Status Code":200,"API":"/funds"},"timestamp":"2026-06-02 12:50:16,366+0530","service":"FyersAPIRequest"}
{"level":"DEBUG","location":"[get_call:159] fyersModel","message":{"Status Code":200,"API":"/depth"},"timestamp":"2026-06-02 12:50:16,404+0530","service":"FyersAPIRequest"}
{"level":"DEBUG","location":"[get_call:159] fyersModel","message":{"Status Code":200,"API":"/depth"},"timestamp":"2026-06-02 12:50:16,443+0530","service":"FyersAPIRequest"}
{"level":"DEBUG","location":"[get_call:159] fyersModel","message":{"Status Code":200,"API":"/funds"},"timestamp":"2026-06-02 12:50:17,496+0530","service":"FyersAPIRequest"}
{"level":"DEBUG","location":"[get_call:159] fyersModel","message":{"Status Code":200,"API":"/depth"},"timestamp":"2026-06-02 12:50:17,534+0530","service":"FyersAPIRequest"}
{"level":"DEBUG","location":"[get_call:159] fyersModel","message":{"Status Code":200,"API":"/depth"},"timestamp":"2026-06-02 12:50:17,573+0530","service":"FyersAPIRequest"}
{"level":"DEBUG","location":"[get_call:159] fyersModel","message":{"Status Code":200,"API":"/funds"},"timestamp":"2026-06-02 12:50:18,618+0530","service":"FyersAPIRequest"}
{"level":"DEBUG","location":"[get_call:159] fyersModel","message":{"Status Code":200,"API":"/depth"},"timestamp":"2026-06-02 12:50:18,658+0530","service":"FyersAPIRequest"}
{"level":"DEBUG","location":"[get_call:159] fyersModel","message":{"Status Code":200,"API":"/depth"},"timestamp":"2026-06-02 12:50:18,695+0530","service":"FyersAPIRequest"}
{"level":"DEBUG","location":"[get_call:159] fyersModel","message":{"Status Code":200,"API":"/funds"},"timestamp":"2026-06-02 12:50:19,742+0530","service":"FyersAPIRequest"}
{"level":"DEBUG","location":"[get_call:159] fyersModel","message":{"Status Code":200,"API":"/depth"},"timestamp":"2026-06-02 12:50:19,780+0530","service":"FyersAPIRequest"}
{"level":"DEBUG","location":"[get_call:159] fyersModel","message":{"Status Code":200,"API":"/depth"},"timestamp":"2026-06-02 12:50:19,821+0530","service":"FyersAPIRequest"}
{"level":"DEBUG","location":"[get_call:159] fyersModel","message":{"Status Code":200,"API":"/funds"},"timestamp":"2026-06-02 12:50:20,871+0530","service":"FyersAPIRequest"}
{"level":"DEBUG","location":"[get_call:159] fyersModel","message":{"Status Code":200,"API":"/depth"},"timestamp":"2026-06-02 12:50:20,908+0530","service":"FyersAPIRequest"}
{"level":"DEBUG","location":"[get_call:159] fyersModel","message":{"Status Code":200,"API":"/depth"},"timestamp":"2026-06-02 12:50:20,946+0530","service":"FyersAPIRequest"}
{"level":"DEBUG","location":"[get_call:159] fyersModel","message":{"Status Code":200,"API":"/funds"},"timestamp":"2026-06-02 12:50:21,995+0530","service":"FyersAPIRequest"}
{"level":"DEBUG","location":"[get_call:159] fyersModel","message":{"Status Code":200,"API":"/depth"},"timestamp":"2026-06-02 12:50:22,034+0530","service":"FyersAPIRequest"}
{"level":"DEBUG","location":"[get_call:159] fyersModel","message":{"Status Code":200,"API":"/depth"},"timestamp":"2026-06-02 12:50:22,069+0530","service":"FyersAPIRequest"}
{"level":"DEBUG","location":"[get_call:159] fyersModel","message":{"Status Code":200,"API":"/funds"},"timestamp":"2026-06-02 12:50:23,113+0530","service":"FyersAPIRequest"}
{"level":"DEBUG","location":"[get_call:159] fyersModel","message":{"Status Code":200,"API":"/depth"},"timestamp":"2026-06-02 12:50:23,151+0530","service":"FyersAPIRequest"}
{"level":"DEBUG","location":"[get_call:159] fyersModel","message":{"Status Code":200,"API":"/depth"},"timestamp":"2026-06-02 12:50:23,190+0530","service":"FyersAPIRequest"}
{"level":"DEBUG","location":"[get_call:159] fyersModel","message":{"Status Code":200,"API":"/funds"},"timestamp":"2026-06-02 12:50:24,233+0530","service":"FyersAPIRequest"}
{"level":"DEBUG","location":"[get_call:159] fyersModel","message":{"Status Code":200,"API":"/depth"},"timestamp":"2026-06-02 12:50:24,273+0530","service":"FyersAPIRequest"}
{"level":"DEBUG","location":"[post_call:100] fyersModel","message":{"Status Code":400,"API":"/orders/sync"},"timestamp":"2026-06-02 12:50:24,321+0530","service":"FyersAPIRequest"}
{"level":"DEBUG","location":"[get_call:159] fyersModel","message":{"Status Code":200,"API":"/funds"},"timestamp":"2026-06-02 12:50:25,381+0530","service":"FyersAPIRequest"}
{"level":"DEBUG","location":"[get_call:159] fyersModel","message":{"Status Code":200,"API":"/quotes"},"timestamp":"2026-06-02 12:50:25,421+0530","service":"FyersAPIRequest"}
{"level":"DEBUG","location":"[get_call:159] fyersModel","message":{"Status Code":200,"API":"/funds"},"timestamp":"2026-06-02 12:50:26,478+0530","service":"FyersAPIRequest"}
{"level":"DEBUG","location":"[get_call:159] fyersModel","message":{"Status Code":200,"API":"/quotes"},"timestamp":"2026-06-02 12:50:26,513+0530","service":"FyersAPIRequest"}
{"level":"DEBUG","location":"[get_call:159] fyersModel","message":{"Status Code":200,"API":"/funds"},"timestamp":"2026-06-02 12:50:27,568+0530","service":"FyersAPIRequest"}
{"level":"DEBUG","location":"[get_call:159] fyersModel","message":{"Status Code":200,"API":"/quotes"},"timestamp":"2026-06-02 12:50:27,607+0530","service":"FyersAPIRequest"}
{"level":"DEBUG","location":"[get_call:159] fyersModel","message":{"Status Code":200,"API":"/funds"},"timestamp":"2026-06-02 12:50:28,659+0530","service":"FyersAPIRequest"}
{"level":"DEBUG","location":"[get_call:159] fyersModel","message":{"Status Code":200,"API":"/quotes"},"timestamp":"2026-06-02 12:50:28,696+0530","service":"FyersAPIRequest"}
{"level":"DEBUG","location":"[get_call:159] fyersModel","message":{"Status Code":200,"API":"/funds"},"timestamp":"2026-06-02 12:50:29,752+0530","service":"FyersAPIRequest"}
{"level":"DEBUG","location":"[get_call:159] fyersModel","message":{"Status Code":200,"API":"/quotes"},"timestamp":"2026-06-02 12:50:29,788+0530","service":"FyersAPIRequest"}
{"level":"DEBUG","location":"[get_call:159] fyersModel","message":{"Status Code":200,"API":"/funds"},"timestamp":"2026-06-02 12:50:30,835+0530","service":"FyersAPIRequest"}
{"level":"DEBUG","location":"[get_call:159] fyersModel","message":{"Status Code":200,"API":"/quotes"},"timestamp":"2026-06-02 12:50:30,875+0530","service":"FyersAPIRequest"}
{"level":"DEBUG","location":"[get_call:159] fyersModel","message":{"Status Code":200,"API":"/funds"},"timestamp":"2026-06-02 12:50:31,926+0530","service":"FyersAPIRequest"}
{"level":"DEBUG","location":"[get_call:159] fyersModel","message":{"Status Code":200,"API":"/quotes"},"timestamp":"2026-06-02 12:50:31,963+0530","service":"FyersAPIRequest"}
{"level":"DEBUG","location":"[get_call:159] fyersModel","message":{"Status Code":200,"API":"/funds"},"timestamp":"2026-06-02 12:50:33,001+0530","service":"FyersAPIRequest"}
{"level":"DEBUG","location":"[get_call:159] fyersModel","message":{"Status Code":200,"API":"/quotes"},"timestamp":"2026-06-02 12:50:33,040+0530","service":"FyersAPIRequest"}
{"level":"DEBUG","location":"[get_call:159] fyersModel","message":{"Status Code":200,"API":"/funds"},"timestamp":"2026-06-02 12:50:34,095+0530","service":"FyersAPIRequest"}
{"level":"DEBUG","location":"[get_call:159] fyersModel","message":{"Status Code":200,"API":"/quotes"},"timestamp":"2026-06-02 12:50:34,134+0530","service":"FyersAPIRequest"}
{"level":"DEBUG","location":"[get_call:159] fyersModel","message":{"Status Code":200,"API":"/funds"},"timestamp":"2026-06-02 12:50:35,182+0530","service":"FyersAPIRequest"}
{"level":"DEBUG","location":"[get_call:159] fyersModel","message":{"Status Code":200,"API":"/quotes"},"timestamp":"2026-06-02 12:50:35,217+0530","service":"FyersAPIRequest"}
{"level":"DEBUG","location":"[get_call:159] fyersModel","message":{"Status Code":200,"API":"/funds"},"timestamp":"2026-06-02 12:50:36,267+0530","service":"FyersAPIRequest"}
{"level":"DEBUG","location":"[get_call:159] fyersModel","message":{"Status Code":200,"API":"/quotes"},"timestamp":"2026-06-02 12:50:36,305+0530","service":"FyersAPIRequest"}
{"level":"DEBUG","location":"[get_call:159] fyersModel","message":{"Status Code":200,"API":"/funds"},"timestamp":"2026-06-02 12:50:37,357+0530","service":"FyersAPIRequest"}
{"level":"DEBUG","location":"[get_call:159] fyersModel","message":{"Status Code":200,"API":"/quotes"},"timestamp":"2026-06-02 12:50:37,390+0530","service":"FyersAPIRequest"}
{"level":"DEBUG","location":"[get_call:159] fyersModel","message":{"Status Code":200,"API":"/funds"},"timestamp":"2026-06-02 12:50:38,445+0530","service":"FyersAPIRequest"}
{"level":"DEBUG","location":"[get_call:159] fyersModel","message":{"Status Code":200,"API":"/quotes"},"timestamp":"2026-06-02 12:50:38,485+0530","service":"FyersAPIRequest"}
{"level":"DEBUG","location":"[get_call:159] fyersModel","message":{"Status Code":200,"API":"/funds"},"timestamp":"2026-06-02 12:50:39,640+0530","service":"FyersAPIRequest"}
{"level":"DEBUG","location":"[get_call:159] fyersModel","message":{"Status Code":200,"API":"/quotes"},"timestamp":"2026-06-02 12:50:39,783+0530","service":"FyersAPIRequest"}
{"level":"DEBUG","location":"[get_call:159] fyersModel","message":{"Status Code":200,"API":"/funds"},"timestamp":"2026-06-02 12:50:40,831+0530","service":"FyersAPIRequest"}
{"level":"DEBUG","location":"[get_call:159] fyersModel","message":{"Status Code":200,"API":"/quotes"},"timestamp":"2026-06-02 12:50:40,865+0530","service":"FyersAPIRequest"}
{"level":"DEBUG","location":"[get_call:159] fyersModel","message":{"Status Code":200,"API":"/funds"},"timestamp":"2026-06-02 12:50:41,913+0530","service":"FyersAPIRequest"}
{"level":"DEBUG","location":"[get_call:159] fyersModel","message":{"Status Code":200,"API":"/quotes"},"timestamp":"2026-06-02 12:50:41,950+0530","service":"FyersAPIRequest"}
{"level":"DEBUG","location":"[get_call:159] fyersModel","message":{"Status Code":200,"API":"/funds"},"timestamp":"2026-06-02 12:50:41,984+0530","service":"FyersAPIRequest"}
{"level":"DEBUG","location":"[get_call:159] fyersModel","message":{"Status Code":200,"API":"/funds"},"timestamp":"2026-06-02 12:50:43,038+0530","service":"FyersAPIRequest"}
{"level":"DEBUG","location":"[get_call:159] fyersModel","message":{"Status Code":200,"API":"/quotes"},"timestamp":"2026-06-02 12:50:43,080+0530","service":"FyersAPIRequest"}
{"level":"DEBUG","location":"[get_call:159] fyersModel","message":{"Status Code":200,"API":"/funds"},"timestamp":"2026-06-02 12:50:44,123+0530","service":"FyersAPIRequest"}
{"level":"DEBUG","location":"[get_call:159] fyersModel","message":{"Status Code":200,"API":"/quotes"},"timestamp":"2026-06-02 12:50:44,161+0530","service":"FyersAPIRequest"}
{"level":"DEBUG","location":"[get_call:159] fyersModel","message":{"Status Code":200,"API":"/funds"},"timestamp":"2026-06-02 12:50:45,217+0530","service":"FyersAPIRequest"}
{"level":"DEBUG","location":"[get_call:159] fyersModel","message":{"Status Code":200,"API":"/quotes"},"timestamp":"2026-06-02 12:50:45,254+0530","service":"FyersAPIRequest"}
{"level":"DEBUG","location":"[get_call:159] fyersModel","message":{"Status Code":200,"API":"/funds"},"timestamp":"2026-06-02 12:50:46,306+0530","service":"FyersAPIRequest"}
{"level":"DEBUG","location":"[get_call:159] fyersModel","message":{"Status Code":200,"API":"/quotes"},"timestamp":"2026-06-02 12:50:46,344+0530","service":"FyersAPIRequest"}
{"level":"DEBUG","location":"[get_call:159] fyersModel","message":{"Status Code":200,"API":"/funds"},"timestamp":"2026-06-02 12:50:47,389+0530","service":"FyersAPIRequest"}
{"level":"DEBUG","location":"[get_call:159] fyersModel","message":{"Status Code":200,"API":"/quotes"},"timestamp":"2026-06-02 12:50:47,428+0530","service":"FyersAPIRequest"}
{"level":"DEBUG","location":"[get_call:159] fyersModel","message":{"Status Code":200,"API":"/funds"},"timestamp":"2026-06-02 12:50:48,475+0530","service":"FyersAPIRequest"}
{"level":"DEBUG","location":"[get_call:159] fyersModel","message":{"Status Code":200,"API":"/quotes"},"timestamp":"2026-06-02 12:50:48,514+0530","service":"FyersAPIRequest"}
{"level":"DEBUG","location":"[get_call:159] fyersModel","message":{"Status Code":200,"API":"/funds"},"timestamp":"2026-06-02 12:50:49,571+0530","service":"FyersAPIRequest"}
{"level":"DEBUG","location":"[get_call:159] fyersModel","message":{"Status Code":200,"API":"/quotes"},"timestamp":"2026-06-02 12:50:49,609+0530","service":"FyersAPIRequest"}
{"level":"DEBUG","location":"[get_call:159] fyersModel","message":{"Status Code":200,"API":"/funds"},"timestamp":"2026-06-02 12:50:50,661+0530","service":"FyersAPIRequest"}
{"level":"DEBUG","location":"[get_call:159] fyersModel","message":{"Status Code":200,"API":"/quotes"},"timestamp":"2026-06-02 12:50:50,715+0530","service":"FyersAPIRequest"}
{"level":"DEBUG","location":"[get_call:159] fyersModel","message":{"Status Code":200,"API":"/funds"},"timestamp":"2026-06-02 12:50:51,762+0530","service":"FyersAPIRequest"}
{"level":"DEBUG","location":"[get_call:159] fyersModel","message":{"Status Code":200,"API":"/quotes"},"timestamp":"2026-06-02 12:50:51,798+0530","service":"FyersAPIRequest"}
{"level":"DEBUG","location":"[get_call:159] fyersModel","message":{"Status Code":200,"API":"/funds"},"timestamp":"2026-06-02 12:50:52,851+0530","service":"FyersAPIRequest"}
{"level":"DEBUG","location":"[get_call:159] fyersModel","message":{"Status Code":200,"API":"/quotes"},"timestamp":"2026-06-02 12:50:52,888+0530","service":"FyersAPIRequest"}
{"level":"DEBUG","location":"[get_call:159] fyersModel","message":{"Status Code":200,"API":"/funds"},"timestamp":"2026-06-02 12:50:53,938+0530","service":"FyersAPIRequest"}
{"level":"DEBUG","location":"[get_call:159] fyersModel","message":{"Status Code":200,"API":"/quotes"},"timestamp":"2026-06-02 12:50:53,977+0530","service":"FyersAPIRequest"}
{"level":"DEBUG","location":"[get_call:159] fyersModel","message":{"Status Code":200,"API":"/funds"},"timestamp":"2026-06-02 12:50:55,023+0530","service":"FyersAPIRequest"}
{"level":"DEBUG","location":"[get_call:159] fyersModel","message":{"Status Code":200,"API":"/quotes"},"timestamp":"2026-06-02 12:50:55,061+0530","service":"FyersAPIRequest"}
{"level":"DEBUG","location":"[get_call:159] fyersModel","message":{"Status Code":200,"API":"/funds"},"timestamp":"2026-06-02 12:50:56,109+0530","service":"FyersAPIRequest"}
{"level":"DEBUG","location":"[get_call:159] fyersModel","message":{"Status Code":200,"API":"/quotes"},"timestamp":"2026-06-02 12:50:56,151+0530","service":"FyersAPIRequest"}
{"level":"DEBUG","location":"[get_call:159] fyersModel","message":{"Status Code":200,"API":"/funds"},"timestamp":"2026-06-02 12:50:57,206+0530","service":"FyersAPIRequest"}
{"level":"DEBUG","location":"[get_call:159] fyersModel","message":{"Status Code":200,"API":"/quotes"},"timestamp":"2026-06-02 12:50:57,241+0530","service":"FyersAPIRequest"}
{"level":"DEBUG","location":"[get_call:159] fyersModel","message":{"Status Code":200,"API":"/funds"},"timestamp":"2026-06-02 12:50:58,288+0530","service":"FyersAPIRequest"}
{"level":"DEBUG","location":"[get_call:159] fyersModel","message":{"Status Code":200,"API":"/quotes"},"timestamp":"2026-06-02 12:50:58,323+0530","service":"FyersAPIRequest"}
{"level":"DEBUG","location":"[get_call:159] fyersModel","message":{"Status Code":200,"API":"/funds"},"timestamp":"2026-06-02 12:50:59,379+0530","service":"FyersAPIRequest"}
{"level":"DEBUG","location":"[get_call:159] fyersModel","message":{"Status Code":200,"API":"/quotes"},"timestamp":"2026-06-02 12:50:59,416+0530","service":"FyersAPIRequest"}
{"level":"DEBUG","location":"[get_call:159] fyersModel","message":{"Status Code":200,"API":"/funds"},"timestamp":"2026-06-02 12:51:00,474+0530","service":"FyersAPIRequest"}
{"level":"DEBUG","location":"[get_call:159] fyersModel","message":{"Status Code":200,"API":"/quotes"},"timestamp":"2026-06-02 12:51:00,511+0530","service":"FyersAPIRequest"}
{"level":"DEBUG","location":"[get_call:159] fyersModel","message":{"Status Code":200,"API":"/funds"},"timestamp":"2026-06-02 12:51:01,557+0530","service":"FyersAPIRequest"}
{"level":"DEBUG","location":"[get_call:159] fyersModel","message":{"Status Code":200,"API":"/quotes"},"timestamp":"2026-06-02 12:51:01,595+0530","service":"FyersAPIRequest"}
{"level":"DEBUG","location":"[get_call:159] fyersModel","message":{"Status Code":200,"API":"/funds"},"timestamp":"2026-06-02 12:51:02,640+0530","service":"FyersAPIRequest"}
{"level":"DEBUG","location":"[get_call:159] fyersModel","message":{"Status Code":200,"API":"/quotes"},"timestamp":"2026-06-02 12:51:02,678+0530","service":"FyersAPIRequest"}
{"level":"DEBUG","location":"[get_call:159] fyersModel","message":{"Status Code":200,"API":"/funds"},"timestamp":"2026-06-02 12:51:03,732+0530","service":"FyersAPIRequest"}
{"level":"DEBUG","location":"[get_call:159] fyersModel","message":{"Status Code":200,"API":"/quotes"},"timestamp":"2026-06-02 12:51:03,766+0530","service":"FyersAPIRequest"}
{"level":"DEBUG","location":"[get_call:159] fyersModel","message":{"Status Code":200,"API":"/profile"},"timestamp":"2026-06-02 12:52:15,508+0530","service":"FyersAPIRequest"}
{"level":"DEBUG","location":"[get_call:159] fyersModel","message":{"Status Code":200,"API":"/profile"},"timestamp":"2026-06-02 12:52:15,581+0530","service":"FyersAPIRequest"}
{"level":"DEBUG","location":"[get_call:159] fyersModel","message":{"Status Code":200,"API":"/funds"},"timestamp":"2026-06-02 12:52:15,621+0530","service":"FyersAPIRequest"}
{"level":"DEBUG","location":"[get_call:159] fyersModel","message":{"Status Code":200,"API":"/funds"},"timestamp":"2026-06-02 12:52:15,699+0530","service":"FyersAPIRequest"}
{"level":"DEBUG","location":"[get_call:159] fyersModel","message":{"Status Code":200,"API":"/depth"},"timestamp":"2026-06-02 12:52:15,739+0530","service":"FyersAPIRequest"}
{"level":"DEBUG","location":"[get_call:159] fyersModel","message":{"Status Code":200,"API":"/depth"},"timestamp":"2026-06-02 12:52:15,780+0530","service":"FyersAPIRequest"}
{"level":"DEBUG","location":"[get_call:159] fyersModel","message":{"Status Code":200,"API":"/funds"},"timestamp":"2026-06-02 12:52:16,820+0530","service":"FyersAPIRequest"}
{"level":"DEBUG","location":"[get_call:159] fyersModel","message":{"Status Code":200,"API":"/depth"},"timestamp":"2026-06-02 12:52:16,859+0530","service":"FyersAPIRequest"}
{"level":"DEBUG","location":"[get_call:159] fyersModel","message":{"Status Code":200,"API":"/depth"},"timestamp":"2026-06-02 12:52:16,897+0530","service":"FyersAPIRequest"}
{"level":"DEBUG","location":"[get_call:159] fyersModel","message":{"Status Code":200,"API":"/funds"},"timestamp":"2026-06-02 12:52:17,954+0530","service":"FyersAPIRequest"}
{"level":"DEBUG","location":"[get_call:159] fyersModel","message":{"Status Code":200,"API":"/depth"},"timestamp":"2026-06-02 12:52:18,014+0530","service":"FyersAPIRequest"}
{"level":"DEBUG","location":"[get_call:159] fyersModel","message":{"Status Code":200,"API":"/depth"},"timestamp":"2026-06-02 12:52:18,053+0530","service":"FyersAPIRequest"}
{"level":"DEBUG","location":"[get_call:159] fyersModel","message":{"Status Code":200,"API":"/funds"},"timestamp":"2026-06-02 12:52:19,102+0530","service":"FyersAPIRequest"}
{"level":"DEBUG","location":"[get_call:159] fyersModel","message":{"Status Code":200,"API":"/depth"},"timestamp":"2026-06-02 12:52:19,146+0530","service":"FyersAPIRequest"}
{"level":"DEBUG","location":"[get_call:159] fyersModel","message":{"Status Code":200,"API":"/depth"},"timestamp":"2026-06-02 12:52:19,188+0530","service":"FyersAPIRequest"}
{"level":"DEBUG","location":"[get_call:159] fyersModel","message":{"Status Code":200,"API":"/funds"},"timestamp":"2026-06-02 12:52:20,238+0530","service":"FyersAPIRequest"}
{"level":"DEBUG","location":"[get_call:159] fyersModel","message":{"Status Code":200,"API":"/depth"},"timestamp":"2026-06-02 12:52:20,281+0530","service":"FyersAPIRequest"}
{"level":"DEBUG","location":"[get_call:159] fyersModel","message":{"Status Code":200,"API":"/depth"},"timestamp":"2026-06-02 12:52:20,322+0530","service":"FyersAPIRequest"}
{"level":"DEBUG","location":"[get_call:159] fyersModel","message":{"Status Code":200,"API":"/funds"},"timestamp":"2026-06-02 12:52:21,365+0530","service":"FyersAPIRequest"}
{"level":"DEBUG","location":"[get_call:159] fyersModel","message":{"Status Code":200,"API":"/depth"},"timestamp":"2026-06-02 12:52:21,403+0530","service":"FyersAPIRequest"}
{"level":"DEBUG","location":"[get_call:159] fyersModel","message":{"Status Code":200,"API":"/depth"},"timestamp":"2026-06-02 12:52:21,439+0530","service":"FyersAPIRequest"}
{"level":"DEBUG","location":"[get_call:159] fyersModel","message":{"Status Code":200,"API":"/funds"},"timestamp":"2026-06-02 12:52:22,490+0530","service":"FyersAPIRequest"}
{"level":"DEBUG","location":"[get_call:159] fyersModel","message":{"Status Code":200,"API":"/depth"},"timestamp":"2026-06-02 12:52:22,536+0530","service":"FyersAPIRequest"}
{"level":"DEBUG","location":"[get_call:159] fyersModel","message":{"Status Code":200,"API":"/depth"},"timestamp":"2026-06-02 12:52:22,570+0530","service":"FyersAPIRequest"}
{"level":"DEBUG","location":"[get_call:159] fyersModel","message":{"Status Code":200,"API":"/funds"},"timestamp":"2026-06-02 12:52:23,626+0530","service":"FyersAPIRequest"}
{"level":"DEBUG","location":"[get_call:159] fyersModel","message":{"Status Code":200,"API":"/depth"},"timestamp":"2026-06-02 12:52:23,665+0530","service":"FyersAPIRequest"}
{"level":"DEBUG","location":"[get_call:159] fyersModel","message":{"Status Code":200,"API":"/depth"},"timestamp":"2026-06-02 12:52:23,701+0530","service":"FyersAPIRequest"}
{"level":"DEBUG","location":"[get_call:159] fyersModel","message":{"Status Code":200,"API":"/funds"},"timestamp":"2026-06-02 12:52:24,746+0530","service":"FyersAPIRequest"}
{"level":"DEBUG","location":"[get_call:159] fyersModel","message":{"Status Code":200,"API":"/depth"},"timestamp":"2026-06-02 12:52:24,785+0530","service":"FyersAPIRequest"}
{"level":"DEBUG","location":"[get_call:159] fyersModel","message":{"Status Code":200,"API":"/depth"},"timestamp":"2026-06-02 12:52:24,826+0530","service":"FyersAPIRequest"}
{"level":"DEBUG","location":"[get_call:159] fyersModel","message":{"Status Code":200,"API":"/funds"},"timestamp":"2026-06-02 12:52:25,865+0530","service":"FyersAPIRequest"}
{"level":"DEBUG","location":"[get_call:159] fyersModel","message":{"Status Code":200,"API":"/depth"},"timestamp":"2026-06-02 12:52:25,903+0530","service":"FyersAPIRequest"}
{"level":"DEBUG","location":"[get_call:159] fyersModel","message":{"Status Code":200,"API":"/depth"},"timestamp":"2026-06-02 12:52:25,941+0530","service":"FyersAPIRequest"}
{"level":"DEBUG","location":"[get_call:159] fyersModel","message":{"Status Code":200,"API":"/funds"},"timestamp":"2026-06-02 12:52:26,985+0530","service":"FyersAPIRequest"}
{"level":"DEBUG","location":"[get_call:159] fyersModel","message":{"Status Code":200,"API":"/depth"},"timestamp":"2026-06-02 12:52:27,023+0530","service":"FyersAPIRequest"}
{"level":"DEBUG","location":"[get_call:159] fyersModel","message":{"Status Code":200,"API":"/depth"},"timestamp":"2026-06-02 12:52:27,060+0530","service":"FyersAPIRequest"}
{"level":"DEBUG","location":"[get_call:159] fyersModel","message":{"Status Code":200,"API":"/funds"},"timestamp":"2026-06-02 12:52:28,115+0530","service":"FyersAPIRequest"}
{"level":"DEBUG","location":"[get_call:159] fyersModel","message":{"Status Code":200,"API":"/depth"},"timestamp":"2026-06-02 12:52:28,165+0530","service":"FyersAPIRequest"}
{"level":"DEBUG","location":"[get_call:159] fyersModel","message":{"Status Code":200,"API":"/depth"},"timestamp":"2026-06-02 12:52:28,202+0530","service":"FyersAPIRequest"}
{"level":"DEBUG","location":"[get_call:159] fyersModel","message":{"Status Code":200,"API":"/funds"},"timestamp":"2026-06-02 12:52:29,245+0530","service":"FyersAPIRequest"}
{"level":"DEBUG","location":"[get_call:159] fyersModel","message":{"Status Code":200,"API":"/depth"},"timestamp":"2026-06-02 12:52:29,285+0530","service":"FyersAPIRequest"}
{"level":"DEBUG","location":"[get_call:159] fyersModel","message":{"Status Code":200,"API":"/depth"},"timestamp":"2026-06-02 12:52:29,324+0530","service":"FyersAPIRequest"}
{"level":"DEBUG","location":"[get_call:159] fyersModel","message":{"Status Code":200,"API":"/funds"},"timestamp":"2026-06-02 12:52:30,376+0530","service":"FyersAPIRequest"}
{"level":"DEBUG","location":"[get_call:159] fyersModel","message":{"Status Code":200,"API":"/depth"},"timestamp":"2026-06-02 12:52:30,414+0530","service":"FyersAPIRequest"}
{"level":"DEBUG","location":"[get_call:159] fyersModel","message":{"Status Code":200,"API":"/depth"},"timestamp":"2026-06-02 12:52:30,448+0530","service":"FyersAPIRequest"}
